This file contains any messages produced by compilers while
running configure, to aid debugging if configure makes a mistake.

It was created by gsmd configure 0.0.1, which was
generated by GNU Autoconf 2.61.  Invocation command line was

  $ ./configure --enable-maintainer-mode ./configure --host=i386-linux --build=i386-linux --enable-shared

## --------- ##
## Platform. ##
## --------- ##

hostname = orb1t
uname -m = i686
uname -r = 2.6.22-gentoo-r5
uname -s = Linux
uname -v = #3 PREEMPT Mon Oct 22 19:49:16 EEST 2007

/usr/bin/uname -p = AMD Athlon(tm) 64 Processor 3000+
/bin/uname -X     = unknown

/bin/arch              = i686
/usr/bin/arch -k       = i686
/usr/convex/getsysinfo = unknown
/usr/bin/hostinfo      = unknown
/bin/machine           = unknown
/usr/bin/oslevel       = unknown
/bin/universe          = unknown

PATH: /home/orb1t/work/linux-on-sx1/buildroot/build_arm/staging_dir/usr/bin
PATH: /home/orb1t/work/linux-on-sx1/buildroot/build_arm/staging_dir/usr/bin
PATH: /usr/kde/3.5/bin
PATH: /usr/local/bin
PATH: /usr/bin
PATH: /bin
PATH: /opt/bin
PATH: /usr/i686-pc-linux-gnu/gcc-bin/4.1.2
PATH: /usr/kde/3.5/bin
PATH: /usr/qt/3/bin
PATH: /usr/games/bin


## ----------- ##
## Core tests. ##
## ----------- ##

configure:1983: checking for a BSD-compatible install
configure:2039: result: /usr/bin/install -c
configure:2050: checking whether build environment is sane
configure:2093: result: yes
configure:2121: checking for a thread-safe mkdir -p
configure:2160: result: /usr/bin/mkdir -p
configure:2173: checking for gawk
configure:2189: found /usr/bin/gawk
configure:2200: result: gawk
configure:2211: checking whether make sets $(MAKE)
configure:2232: result: yes
configure:2423: checking whether to enable maintainer-specific portions of Makefiles
configure:2432: result: yes
configure:2458: checking for style of include used by make
configure:2486: result: GNU
configure:2516: checking for i386-linux-gcc
configure:2543: result:  gcc
configure:2821: checking for C compiler version
configure:2828:  gcc --version >&5
gcc (GCC) 4.2.1
Copyright (C) 2007 Free Software Foundation, Inc.
This is free software; see the source for copying conditions.  There is NO
warranty; not even for MERCHANTABILITY or FITNESS FOR A PARTICULAR PURPOSE.

configure:2831: $? = 0
configure:2838:  gcc -v >&5
Using built-in specs.
Target: i686-pc-linux-gnu
Configured with: ./configure 
Thread model: posix
gcc version 4.2.1
configure:2841: $? = 0
configure:2848:  gcc -V >&5
gcc: '-V' option must have argument
configure:2851: $? = 1
configure:2874: checking for C compiler default output file name
configure:2901:  gcc    conftest.c  >&5
configure:2904: $? = 0
configure:2942: result: a.out
configure:2959: checking whether the C compiler works
configure:2969: ./a.out
configure:2972: $? = 0
configure:2989: result: yes
configure:2996: checking whether we are cross compiling
configure:2998: result: no
configure:3001: checking for suffix of executables
configure:3008:  gcc -o conftest    conftest.c  >&5
configure:3011: $? = 0
configure:3035: result: 
configure:3041: checking for suffix of object files
configure:3067:  gcc -c   conftest.c >&5
configure:3070: $? = 0
configure:3093: result: o
configure:3097: checking whether we are using the GNU C compiler
configure:3126:  gcc -c   conftest.c >&5
configure:3132: $? = 0
configure:3149: result: yes
configure:3154: checking whether  gcc accepts -g
configure:3184:  gcc -c -g  conftest.c >&5
configure:3190: $? = 0
configure:3289: result: yes
configure:3306: checking for  gcc option to accept ISO C89
configure:3380:  gcc  -c -g -O2  conftest.c >&5
configure:3386: $? = 0
configure:3409: result: none needed
configure:3429: checking dependency style of  gcc
configure:3520: result: gcc3
configure:3536: checking for library containing strerror
configure:3577:  gcc -o conftest -g -O2   conftest.c  >&5
configure:3583: $? = 0
configure:3611: result: none required
configure:3627: checking for i386-linux-gcc
configure:3654: result:  gcc
configure:3932: checking for C compiler version
configure:3939:  gcc --version >&5
gcc (GCC) 4.2.1
Copyright (C) 2007 Free Software Foundation, Inc.
This is free software; see the source for copying conditions.  There is NO
warranty; not even for MERCHANTABILITY or FITNESS FOR A PARTICULAR PURPOSE.

configure:3942: $? = 0
configure:3949:  gcc -v >&5
Using built-in specs.
Target: i686-pc-linux-gnu
Configured with: ./configure 
Thread model: posix
gcc version 4.2.1
configure:3952: $? = 0
configure:3959:  gcc -V >&5
gcc: '-V' option must have argument
configure:3962: $? = 1
configure:3965: checking whether we are using the GNU C compiler
configure:4017: result: yes
configure:4022: checking whether  gcc accepts -g
configure:4157: result: yes
configure:4174: checking for  gcc option to accept ISO C89
configure:4277: result: none needed
configure:4297: checking dependency style of  gcc
configure:4388: result: gcc3
configure:4408: checking how to run the C preprocessor
configure:4448:  gcc -E  conftest.c
configure:4454: $? = 0
configure:4485:  gcc -E  conftest.c
conftest.c:10:28: error: ac_nonexistent.h: No such file or directory
configure:4491: $? = 1
configure: failed program was:
| /* confdefs.h.  */
| #define PACKAGE_NAME "gsmd"
| #define PACKAGE_TARNAME "gsmd"
| #define PACKAGE_VERSION "0.0.1"
| #define PACKAGE_STRING "gsmd 0.0.1"
| #define PACKAGE_BUGREPORT "http://www.openmoko.org/"
| #define PACKAGE "gsmd"
| #define VERSION "0.0.1"
| /* end confdefs.h.  */
| #include <ac_nonexistent.h>
configure:4524: result:  gcc -E
configure:4553:  gcc -E  conftest.c
configure:4559: $? = 0
configure:4590:  gcc -E  conftest.c
conftest.c:10:28: error: ac_nonexistent.h: No such file or directory
configure:4596: $? = 1
configure: failed program was:
| /* confdefs.h.  */
| #define PACKAGE_NAME "gsmd"
| #define PACKAGE_TARNAME "gsmd"
| #define PACKAGE_VERSION "0.0.1"
| #define PACKAGE_STRING "gsmd 0.0.1"
| #define PACKAGE_BUGREPORT "http://www.openmoko.org/"
| #define PACKAGE "gsmd"
| #define VERSION "0.0.1"
| /* end confdefs.h.  */
| #include <ac_nonexistent.h>
configure:4634: checking for grep that handles long lines and -e
configure:4708: result: /bin/grep
configure:4713: checking for egrep
configure:4791: result: /bin/grep -E
configure:4796: checking for ANSI C header files
configure:4826:  gcc -c -g -O2  conftest.c >&5
configure:4832: $? = 0
configure:4931:  gcc -o conftest -g -O2   conftest.c  >&5
configure:4934: $? = 0
configure:4940: ./conftest
configure:4943: $? = 0
configure:4960: result: yes
configure:5048: checking build system type
configure:5066: result: i386-pc-linux-gnu
configure:5088: checking host system type
configure:5103: result: i386-pc-linux-gnu
configure:5125: checking for a sed that does not truncate output
configure:5179: result: /bin/sed
configure:5193: checking for ld used by  gcc
configure:5260: result:  ld
configure:5269: checking if the linker ( ld) is GNU ld
configure:5284: result: yes
configure:5289: checking for  ld option to reload object files
configure:5296: result: -r
configure:5314: checking for BSD-compatible nm
configure:5363: result:  nm
configure:5367: checking whether ln -s works
configure:5371: result: yes
configure:5378: checking how to recognise dependent libraries
configure:5554: result: pass_all
configure:5796: checking for sys/types.h
configure:5817:  gcc -c -g -O2  conftest.c >&5
configure:5823: $? = 0
configure:5839: result: yes
configure:5796: checking for sys/stat.h
configure:5817:  gcc -c -g -O2  conftest.c >&5
configure:5823: $? = 0
configure:5839: result: yes
configure:5796: checking for stdlib.h
configure:5817:  gcc -c -g -O2  conftest.c >&5
configure:5823: $? = 0
configure:5839: result: yes
configure:5796: checking for string.h
configure:5817:  gcc -c -g -O2  conftest.c >&5
configure:5823: $? = 0
configure:5839: result: yes
configure:5796: checking for memory.h
configure:5817:  gcc -c -g -O2  conftest.c >&5
configure:5823: $? = 0
configure:5839: result: yes
configure:5796: checking for strings.h
configure:5817:  gcc -c -g -O2  conftest.c >&5
configure:5823: $? = 0
configure:5839: result: yes
configure:5796: checking for inttypes.h
configure:5817:  gcc -c -g -O2  conftest.c >&5
configure:5823: $? = 0
configure:5839: result: yes
configure:5796: checking for stdint.h
configure:5817:  gcc -c -g -O2  conftest.c >&5
configure:5823: $? = 0
configure:5839: result: yes
configure:5796: checking for unistd.h
configure:5817:  gcc -c -g -O2  conftest.c >&5
configure:5823: $? = 0
configure:5839: result: yes
configure:5866: checking dlfcn.h usability
configure:5883:  gcc -c -g -O2  conftest.c >&5
configure:5889: $? = 0
configure:5903: result: yes
configure:5907: checking dlfcn.h presence
configure:5922:  gcc -E  conftest.c
configure:5928: $? = 0
configure:5942: result: yes
configure:5975: checking for dlfcn.h
configure:5983: result: yes
configure:6112: checking for C++ compiler version
configure:6119:  g++ --version >&5
g++ (GCC) 4.2.1
Copyright (C) 2007 Free Software Foundation, Inc.
This is free software; see the source for copying conditions.  There is NO
warranty; not even for MERCHANTABILITY or FITNESS FOR A PARTICULAR PURPOSE.

configure:6122: $? = 0
configure:6129:  g++ -v >&5
Using built-in specs.
Target: i686-pc-linux-gnu
Configured with: ./configure 
Thread model: posix
gcc version 4.2.1
configure:6132: $? = 0
configure:6139:  g++ -V >&5
g++: '-V' option must have argument
configure:6142: $? = 1
configure:6145: checking whether we are using the GNU C++ compiler
configure:6174:  g++ -c   conftest.cpp >&5
configure:6180: $? = 0
configure:6197: result: yes
configure:6202: checking whether  g++ accepts -g
configure:6232:  g++ -c -g  conftest.cpp >&5
configure:6238: $? = 0
configure:6337: result: yes
configure:6362: checking dependency style of  g++
configure:6453: result: gcc3
configure:6478: checking how to run the C++ preprocessor
configure:6514:  g++ -E  conftest.cpp
configure:6520: $? = 0
configure:6551:  g++ -E  conftest.cpp
conftest.cpp:21:28: error: ac_nonexistent.h: No such file or directory
configure:6557: $? = 1
configure: failed program was:
| /* confdefs.h.  */
| #define PACKAGE_NAME "gsmd"
| #define PACKAGE_TARNAME "gsmd"
| #define PACKAGE_VERSION "0.0.1"
| #define PACKAGE_STRING "gsmd 0.0.1"
| #define PACKAGE_BUGREPORT "http://www.openmoko.org/"
| #define PACKAGE "gsmd"
| #define VERSION "0.0.1"
| #define STDC_HEADERS 1
| #define HAVE_SYS_TYPES_H 1
| #define HAVE_SYS_STAT_H 1
| #define HAVE_STDLIB_H 1
| #define HAVE_STRING_H 1
| #define HAVE_MEMORY_H 1
| #define HAVE_STRINGS_H 1
| #define HAVE_INTTYPES_H 1
| #define HAVE_STDINT_H 1
| #define HAVE_UNISTD_H 1
| #define HAVE_DLFCN_H 1
| /* end confdefs.h.  */
| #include <ac_nonexistent.h>
configure:6590: result:  g++ -E
configure:6619:  g++ -E  conftest.cpp
configure:6625: $? = 0
configure:6656:  g++ -E  conftest.cpp
conftest.cpp:21:28: error: ac_nonexistent.h: No such file or directory
configure:6662: $? = 1
configure: failed program was:
| /* confdefs.h.  */
| #define PACKAGE_NAME "gsmd"
| #define PACKAGE_TARNAME "gsmd"
| #define PACKAGE_VERSION "0.0.1"
| #define PACKAGE_STRING "gsmd 0.0.1"
| #define PACKAGE_BUGREPORT "http://www.openmoko.org/"
| #define PACKAGE "gsmd"
| #define VERSION "0.0.1"
| #define STDC_HEADERS 1
| #define HAVE_SYS_TYPES_H 1
| #define HAVE_SYS_STAT_H 1
| #define HAVE_STDLIB_H 1
| #define HAVE_STRING_H 1
| #define HAVE_MEMORY_H 1
| #define HAVE_STRINGS_H 1
| #define HAVE_INTTYPES_H 1
| #define HAVE_STDINT_H 1
| #define HAVE_UNISTD_H 1
| #define HAVE_DLFCN_H 1
| /* end confdefs.h.  */
| #include <ac_nonexistent.h>
configure:6711: checking for i386-linux-g77
configure:6741: result: no
configure:6711: checking for i386-linux-xlf
configure:6741: result: no
configure:6711: checking for i386-linux-f77
configure:6741: result: no
configure:6711: checking for i386-linux-frt
configure:6741: result: no
configure:6711: checking for i386-linux-pgf77
configure:6741: result: no
configure:6711: checking for i386-linux-cf77
configure:6741: result: no
configure:6711: checking for i386-linux-fort77
configure:6741: result: no
configure:6711: checking for i386-linux-fl32
configure:6741: result: no
configure:6711: checking for i386-linux-af77
configure:6741: result: no
configure:6711: checking for i386-linux-xlf90
configure:6741: result: no
configure:6711: checking for i386-linux-f90
configure:6741: result: no
configure:6711: checking for i386-linux-pgf90
configure:6741: result: no
configure:6711: checking for i386-linux-pghpf
configure:6741: result: no
configure:6711: checking for i386-linux-epcf90
configure:6741: result: no
configure:6711: checking for i386-linux-gfortran
configure:6741: result: no
configure:6711: checking for i386-linux-g95
configure:6741: result: no
configure:6711: checking for i386-linux-xlf95
configure:6741: result: no
configure:6711: checking for i386-linux-f95
configure:6741: result: no
configure:6711: checking for i386-linux-fort
configure:6741: result: no
configure:6711: checking for i386-linux-ifort
configure:6741: result: no
configure:6711: checking for i386-linux-ifc
configure:6741: result: no
configure:6711: checking for i386-linux-efc
configure:6741: result: no
configure:6711: checking for i386-linux-pgf95
configure:6741: result: no
configure:6711: checking for i386-linux-lf95
configure:6741: result: no
configure:6711: checking for i386-linux-ftn
configure:6741: result: no
configure:6755: checking for g77
configure:6771: found /usr/local/bin/g77
configure:6782: result: g77
configure:6812: checking for Fortran 77 compiler version
configure:6819: g77 --version >&5
GNU Fortran (GCC) 3.4.6
Copyright (C) 2006 Free Software Foundation, Inc.

GNU Fortran comes with NO WARRANTY, to the extent permitted by law.
You may redistribute copies of GNU Fortran
under the terms of the GNU General Public License.
For more information about these matters, see the file named COPYING
or type the command `info -f g77 Copying'.
configure:6822: $? = 0
configure:6829: g77 -v >&5
Reading specs from /usr/local/lib/gcc/i686-pc-linux-gnu/3.4.6/specs
Configured with: ./configure 
Thread model: posix
gcc version 3.4.6
configure:6832: $? = 0
configure:6839: g77 -V >&5
g77: `-V' option must have argument
configure:6842: $? = 1
configure:6850: checking whether we are using the GNU Fortran 77 compiler
configure:6869: g77 -c  conftest.F >&5
configure:6875: $? = 0
configure:6892: result: yes
configure:6898: checking whether g77 accepts -g
configure:6915: g77 -c -g conftest.f >&5
configure:6921: $? = 0
configure:6937: result: yes
configure:6967: checking the maximum length of command line arguments
configure:7076: result: 32768
configure:7087: checking command to parse  nm output from  gcc object
configure:7192:  gcc -c -g -O2  conftest.c >&5
configure:7195: $? = 0
configure:7199:  nm conftest.o \| sed -n -e 's/^.*[ 	]\([ABCDGIRSTW][ABCDGIRSTW]*\)[ 	][ 	]*\([_A-Za-z][_A-Za-z0-9]*\)$/\1 \2 \2/p' \> conftest.nm
configure:7202: $? = 0
configure:7254:  gcc -o conftest -g -O2   conftest.c conftstm.o >&5
configure:7257: $? = 0
configure:7295: result: ok
configure:7299: checking for objdir
configure:7314: result: .libs
configure:7366: checking for i386-linux-ar
configure:7393: result:  ar
configure:7462: checking for i386-linux-ranlib
configure:7489: result:  ranlib
configure:7558: checking for i386-linux-strip
configure:7588: result: no
configure:7598: checking for strip
configure:7614: found /usr/bin/strip
configure:7625: result: strip
configure:7862: checking for correct ltmain.sh version
configure:7912: result: yes
configure:7972: checking if  gcc supports -fno-rtti -fno-exceptions
configure:7990:  gcc -c -g -O2  -fno-rtti -fno-exceptions conftest.c >&5
cc1: warning: command line option "-fno-rtti" is valid for C++/ObjC++ but not for C
configure:7994: $? = 0
configure:8007: result: no
configure:8022: checking for  gcc option to produce PIC
configure:8232: result: -fPIC
configure:8240: checking if  gcc PIC flag -fPIC works
configure:8258:  gcc -c -g -O2  -fPIC -DPIC conftest.c >&5
configure:8262: $? = 0
configure:8275: result: yes
configure:8303: checking if  gcc static flag -static works
configure:8331: result: yes
configure:8341: checking if  gcc supports -c -o file.o
configure:8362:  gcc -c -g -O2  -o out/conftest2.o conftest.c >&5
configure:8366: $? = 0
configure:8388: result: yes
configure:8414: checking whether the  gcc linker ( ld) supports shared libraries
configure:9368: result: yes
configure:9389: checking whether -lc should be explicitly linked in
configure:9394:  gcc -c -g -O2  conftest.c >&5
configure:9397: $? = 0
configure:9412:  gcc -shared conftest.o  -v -Wl,-soname -Wl,conftest -o conftest 2\>\&1 \| grep  -lc  \>/dev/null 2\>\&1
configure:9415: $? = 0
configure:9427: result: no
configure:9435: checking dynamic linker characteristics
configure:10060: result: GNU/Linux ld.so
configure:10069: checking how to hardcode library paths into programs
configure:10094: result: immediate
configure:10108: checking whether stripping libraries is possible
configure:10113: result: yes
configure:10914: checking if libtool supports shared libraries
configure:10916: result: yes
configure:10919: checking whether to build shared libraries
configure:10940: result: yes
configure:10943: checking whether to build static libraries
configure:10947: result: yes
configure:11039: creating libtool
configure:11627: checking for ld used by  g++
configure:11694: result:  ld
configure:11703: checking if the linker ( ld) is GNU ld
configure:11718: result: yes
configure:11769: checking whether the  g++ linker ( ld) supports shared libraries
configure:12703: result: yes
configure:12721:  g++ -c -g -O2  conftest.cpp >&5
configure:12724: $? = 0
configure:12843: checking for  g++ option to produce PIC
configure:13117: result: -fPIC
configure:13125: checking if  g++ PIC flag -fPIC works
configure:13143:  g++ -c -g -O2  -fPIC -DPIC conftest.cpp >&5
configure:13147: $? = 0
configure:13160: result: yes
configure:13188: checking if  g++ static flag -static works
configure:13216: result: yes
configure:13226: checking if  g++ supports -c -o file.o
configure:13247:  g++ -c -g -O2  -o out/conftest2.o conftest.cpp >&5
configure:13251: $? = 0
configure:13273: result: yes
configure:13299: checking whether the  g++ linker ( ld) supports shared libraries
configure:13324: result: yes
configure:13391: checking dynamic linker characteristics
configure:14016: result: GNU/Linux ld.so
configure:14025: checking how to hardcode library paths into programs
configure:14050: result: immediate
configure:14576: checking if libtool supports shared libraries
configure:14578: result: yes
configure:14581: checking whether to build shared libraries
configure:14601: result: yes
configure:14604: checking whether to build static libraries
configure:14608: result: yes
configure:14618: checking for g77 option to produce PIC
configure:14828: result: -fPIC
configure:14836: checking if g77 PIC flag -fPIC works
configure:14854: g77 -c -g -O2 -fPIC conftest.f >&5
configure:14858: $? = 0
configure:14871: result: yes
configure:14899: checking if g77 static flag -static works
configure:14927: result: yes
configure:14937: checking if g77 supports -c -o file.o
configure:14958: g77 -c -g -O2 -o out/conftest2.o conftest.f >&5
configure:14962: $? = 0
configure:14984: result: yes
configure:15010: checking whether the g77 linker ( ld) supports shared libraries
configure:15944: result: yes
configure:16011: checking dynamic linker characteristics
configure:16636: result: GNU/Linux ld.so
configure:16645: checking how to hardcode library paths into programs
configure:16670: result: immediate
configure:20405: creating ./config.status

## ---------------------- ##
## Running config.status. ##
## ---------------------- ##

This file was extended by gsmd config.status 0.0.1, which was
generated by GNU Autoconf 2.61.  Invocation command line was

  CONFIG_FILES    = 
  CONFIG_HEADERS  = 
  CONFIG_LINKS    = 
  CONFIG_COMMANDS = 
  $ ./config.status 

on orb1t

config.status:673: creating Makefile
config.status:673: creating libgsmd.pc
config.status:673: creating src/Makefile
config.status:673: creating src/gsmd/Makefile
config.status:673: creating src/libgsmd/Makefile
config.status:673: creating src/util/Makefile
config.status:673: creating include/Makefile
config.status:673: creating include/gsmd/Makefile
config.status:673: creating include/libgsmd/Makefile
config.status:673: creating include/common/Makefile
config.status:673: creating config.h
config.status:946: executing depfiles commands

## ---------------- ##
## Cache variables. ##
## ---------------- ##

ac_cv_build=i386-pc-linux-gnu
ac_cv_c_compiler_gnu=yes
ac_cv_cxx_compiler_gnu=yes
ac_cv_env_CCC_set=
ac_cv_env_CCC_value=
ac_cv_env_CC_set=set
ac_cv_env_CC_value=' gcc'
ac_cv_env_CFLAGS_set=
ac_cv_env_CFLAGS_value=
ac_cv_env_CPPFLAGS_set=
ac_cv_env_CPPFLAGS_value=
ac_cv_env_CPP_set=
ac_cv_env_CPP_value=
ac_cv_env_CXXCPP_set=
ac_cv_env_CXXCPP_value=
ac_cv_env_CXXFLAGS_set=
ac_cv_env_CXXFLAGS_value=
ac_cv_env_CXX_set=set
ac_cv_env_CXX_value=' g++'
ac_cv_env_F77_set=
ac_cv_env_F77_value=
ac_cv_env_FFLAGS_set=
ac_cv_env_FFLAGS_value=
ac_cv_env_LDFLAGS_set=
ac_cv_env_LDFLAGS_value=
ac_cv_env_LIBS_set=
ac_cv_env_LIBS_value=
ac_cv_env_build_alias_set=set
ac_cv_env_build_alias_value=i386-linux
ac_cv_env_host_alias_set=set
ac_cv_env_host_alias_value=i386-linux
ac_cv_env_target_alias_set=set
ac_cv_env_target_alias_value=./configure
ac_cv_f77_compiler_gnu=yes
ac_cv_header_dlfcn_h=yes
ac_cv_header_inttypes_h=yes
ac_cv_header_memory_h=yes
ac_cv_header_stdc=yes
ac_cv_header_stdint_h=yes
ac_cv_header_stdlib_h=yes
ac_cv_header_string_h=yes
ac_cv_header_strings_h=yes
ac_cv_header_sys_stat_h=yes
ac_cv_header_sys_types_h=yes
ac_cv_header_unistd_h=yes
ac_cv_host=i386-pc-linux-gnu
ac_cv_objext=o
ac_cv_path_EGREP='/bin/grep -E'
ac_cv_path_GREP=/bin/grep
ac_cv_path_install='/usr/bin/install -c'
ac_cv_path_mkdir=/usr/bin/mkdir
ac_cv_prog_AR=' ar'
ac_cv_prog_AWK=gawk
ac_cv_prog_CC=' gcc'
ac_cv_prog_CPP=' gcc -E'
ac_cv_prog_CXXCPP=' g++ -E'
ac_cv_prog_RANLIB=' ranlib'
ac_cv_prog_ac_ct_F77=g77
ac_cv_prog_ac_ct_STRIP=strip
ac_cv_prog_cc_c89=
ac_cv_prog_cc_g=yes
ac_cv_prog_cxx_g=yes
ac_cv_prog_f77_g=yes
ac_cv_prog_make_make_set=yes
ac_cv_search_strerror='none required'
am_cv_CC_dependencies_compiler_type=gcc3
am_cv_CXX_dependencies_compiler_type=gcc3
lt_cv_deplibs_check_method=pass_all
lt_cv_file_magic_cmd='$MAGIC_CMD'
lt_cv_file_magic_test_file=
lt_cv_ld_reload_flag=-r
lt_cv_objdir=.libs
lt_cv_path_LD=' ld'
lt_cv_path_LDCXX=' ld'
lt_cv_path_NM=' nm'
lt_cv_path_SED=/bin/sed
lt_cv_prog_compiler_c_o=yes
lt_cv_prog_compiler_c_o_CXX=yes
lt_cv_prog_compiler_c_o_F77=yes
lt_cv_prog_compiler_rtti_exceptions=no
lt_cv_prog_gnu_ld=yes
lt_cv_prog_gnu_ldcxx=yes
lt_cv_sys_global_symbol_pipe='sed -n -e '\''s/^.*[ 	]\([ABCDGIRSTW][ABCDGIRSTW]*\)[ 	][ 	]*\([_A-Za-z][_A-Za-z0-9]*\)$/\1 \2 \2/p'\'''
lt_cv_sys_global_symbol_to_c_name_address='sed -n -e '\''s/^: \([^ ]*\) $/  {\"\1\", (lt_ptr) 0},/p'\'' -e '\''s/^[BCDEGRST] \([^ ]*\) \([^ ]*\)$/  {"\2", (lt_ptr) \&\2},/p'\'''
lt_cv_sys_global_symbol_to_cdecl='sed -n -e '\''s/^. .* \(.*\)$/extern int \1;/p'\'''
lt_cv_sys_max_cmd_len=32768
lt_lt_cv_prog_compiler_c_o='"yes"'
lt_lt_cv_prog_compiler_c_o_CXX='"yes"'
lt_lt_cv_prog_compiler_c_o_F77='"yes"'
lt_lt_cv_sys_global_symbol_pipe='"sed -n -e '\''s/^.*[ 	]\\([ABCDGIRSTW][ABCDGIRSTW]*\\)[ 	][ 	]*\\([_A-Za-z][_A-Za-z0-9]*\\)\$/\\1 \\2 \\2/p'\''"'
lt_lt_cv_sys_global_symbol_to_c_name_address='"sed -n -e '\''s/^: \\([^ ]*\\) \$/  {\\\"\\1\\\", (lt_ptr) 0},/p'\'' -e '\''s/^[BCDEGRST] \\([^ ]*\\) \\([^ ]*\\)\$/  {\"\\2\", (lt_ptr) \\&\\2},/p'\''"'
lt_lt_cv_sys_global_symbol_to_cdecl='"sed -n -e '\''s/^. .* \\(.*\\)\$/extern int \\1;/p'\''"'

## ----------------- ##
## Output variables. ##
## ----------------- ##

ACLOCAL='${SHELL} /home/orb1t/work/linux-on-sx1/host/flphone/libs/gsm/missing --run aclocal-1.10'
AMDEPBACKSLASH='\'
AMDEP_FALSE='#'
AMDEP_TRUE=''
AMTAR='${SHELL} /home/orb1t/work/linux-on-sx1/host/flphone/libs/gsm/missing --run tar'
AR=' ar'
AUTOCONF='${SHELL} /home/orb1t/work/linux-on-sx1/host/flphone/libs/gsm/missing --run autoconf'
AUTOHEADER='${SHELL} /home/orb1t/work/linux-on-sx1/host/flphone/libs/gsm/missing --run autoheader'
AUTOMAKE='${SHELL} /home/orb1t/work/linux-on-sx1/host/flphone/libs/gsm/missing --run automake-1.10'
AWK='gawk'
CC=' gcc'
CCDEPMODE='depmode=gcc3'
CFLAGS='-g -O2'
CPP=' gcc -E'
CPPFLAGS=''
CXX=' g++'
CXXCPP=' g++ -E'
CXXDEPMODE='depmode=gcc3'
CXXFLAGS='-g -O2'
CYGPATH_W='echo'
DEFS='-DHAVE_CONFIG_H'
DEPDIR='.deps'
ECHO='echo'
ECHO_C=''
ECHO_N='-n'
ECHO_T=''
EGREP='/bin/grep -E'
EXEEXT=''
F77='g77'
FFLAGS='-g -O2'
GREP='/bin/grep'
INSTALL_DATA='${INSTALL} -m 644'
INSTALL_PROGRAM='${INSTALL}'
INSTALL_SCRIPT='${INSTALL}'
INSTALL_STRIP_PROGRAM='$(install_sh) -c -s'
LDFLAGS=''
LIBOBJS=''
LIBS=''
LIBTOOL='$(SHELL) $(top_builddir)/libtool'
LN_S='ln -s'
LTLIBOBJS=''
MAINT=''
MAINTAINER_MODE_FALSE='#'
MAINTAINER_MODE_TRUE=''
MAKEINFO='${SHELL} /home/orb1t/work/linux-on-sx1/host/flphone/libs/gsm/missing --run makeinfo'
OBJEXT='o'
PACKAGE='gsmd'
PACKAGE_BUGREPORT='http://www.openmoko.org/'
PACKAGE_NAME='gsmd'
PACKAGE_STRING='gsmd 0.0.1'
PACKAGE_TARNAME='gsmd'
PACKAGE_VERSION='0.0.1'
PATH_SEPARATOR=':'
RANLIB=' ranlib'
SET_MAKE=''
SHELL='/bin/sh'
STRIP='strip'
VERSION='0.0.1'
ac_ct_CC=''
ac_ct_CXX=''
ac_ct_F77='g77'
am__fastdepCC_FALSE='#'
am__fastdepCC_TRUE=''
am__fastdepCXX_FALSE='#'
am__fastdepCXX_TRUE=''
am__include='include'
am__isrc=''
am__leading_dot='.'
am__quote=''
am__tar='${AMTAR} chof - "$$tardir"'
am__untar='${AMTAR} xf -'
bindir='${exec_prefix}/bin'
build='i386-pc-linux-gnu'
build_alias='i386-linux'
build_cpu='i386'
build_os='linux-gnu'
build_vendor='pc'
datadir='${datarootdir}'
datarootdir='${prefix}/share'
docdir='${datarootdir}/doc/${PACKAGE_TARNAME}'
dvidir='${docdir}'
exec_prefix='${prefix}'
host='i386-pc-linux-gnu'
host_alias='i386-linux'
host_cpu='i386'
host_os='linux-gnu'
host_vendor='pc'
htmldir='${docdir}'
includedir='${prefix}/include'
infodir='${datarootdir}/info'
install_sh='$(SHELL) /home/orb1t/work/linux-on-sx1/host/flphone/libs/gsm/install-sh'
libdir='${exec_prefix}/lib'
libexecdir='${exec_prefix}/libexec'
localedir='${datarootdir}/locale'
localstatedir='${prefix}/var'
mandir='${datarootdir}/man'
mkdir_p='/usr/bin/mkdir -p'
oldincludedir='/usr/include'
pdfdir='${docdir}'
prefix='/usr/local'
program_transform_name='s,x,x,'
psdir='${docdir}'
sbindir='${exec_prefix}/sbin'
sharedstatedir='${prefix}/com'
sysconfdir='${prefix}/etc'
target_alias='./configure'

## ----------- ##
## confdefs.h. ##
## ----------- ##

#define PACKAGE_NAME "gsmd"
#define PACKAGE_TARNAME "gsmd"
#define PACKAGE_VERSION "0.0.1"
#define PACKAGE_STRING "gsmd 0.0.1"
#define PACKAGE_BUGREPORT "http://www.openmoko.org/"
#define PACKAGE "gsmd"
#define VERSION "0.0.1"
#define STDC_HEADERS 1
#define HAVE_SYS_TYPES_H 1
#define HAVE_SYS_STAT_H 1
#define HAVE_STDLIB_H 1
#define HAVE_STRING_H 1
#define HAVE_MEMORY_H 1
#define HAVE_STRINGS_H 1
#define HAVE_INTTYPES_H 1
#define HAVE_STDINT_H 1
#define HAVE_UNISTD_H 1
#define HAVE_DLFCN_H 1

configure: exit 0
